[+] Containers:
 |- [+] Container: /Game/FirstPerson/Maps/FirstPersonMap
 |   |- [+] ActorDescs:
 |   |   |- Guid:046250054871CA060EF84795FEC30818 BaseClass: NativeClass:/Script/Engine.SkyLight Name:SkyLight_UAID_9C6B0059DB81D60B02_1642694775 Label:SkyLight SpatiallyLoaded:0 Bounds:IsValid=true, Min=(X=-490.000 Y=-610.000 Z=50.000), Max=(X=-490.000 Y=-610.000 Z=50.000) RuntimeGrid:None EditorOnly:0 RuntimeOnly:0 HLODRelevant:0 ListedInSceneOutliner:1 IsMainWorldOnly:0 FolderPath:SKY FolderGuid:CCFF43354A5E6779F59E4297583E6429
 |   |   |- Guid:0E62572E41B59DB7E5AC47AE3FE03338 BaseClass: NativeClass:/Script/Engine.StaticMeshActor Name:StaticMeshActor_UAID_9C6B0059DB81DD0B02_1406367015 Label:Cube11 SpatiallyLoaded:1 Bounds:IsValid=true, Min=(X=5472.500 Y=-512.500 Z=280.000), Max=(X=6947.500 Y=512.500 Z=380.000) RuntimeGrid:None EditorOnly:0 RuntimeOnly:0 HLODRelevant:1 ListedInSceneOutliner:1 IsMainWorldOnly:0 FolderPath:Cubes FolderGuid:1FABD2E442BE96E3869E3EB2E1DD3987
 |   |   |- Guid:265ABDC74D6E48BCCAFF668C9EF67F50 BaseClass: NativeClass:/Script/Engine.StaticMeshActor Name:StaticMeshActor_UAID_9C6B0059DB81010E02_1653358456 Label:Cube13 SpatiallyLoaded:1 Bounds:IsValid=true, Min=(X=5267.500 Y=1217.500 Z=520.000), Max=(X=5692.500 Y=2242.500 Z=620.000) RuntimeGrid:None EditorOnly:0 RuntimeOnly:0 HLODRelevant:1 ListedInSceneOutliner:1 IsMainWorldOnly:0 FolderPath:Cubes FolderGuid:1FABD2E442BE96E3869E3EB2E1DD3987
 |   |   |- Guid:28613EC649EDF522513ACD8B181FB3AA BaseClass: NativeClass:/Script/Engine.ExponentialHeightFog Name:ExponentialHeightFog_UAID_9C6B0059DB81D70B02_1081820954 Label:ExponentialHeightFog SpatiallyLoaded:0 Bounds:IsValid=true, Min=(X=-350.000 Y=-300.000 Z=190.000), Max=(X=-350.000 Y=-300.000 Z=190.000) RuntimeGrid:None EditorOnly:0 RuntimeOnly:0 HLODRelevant:0 ListedInSceneOutliner:1 IsMainWorldOnly:0 FolderPath:SKY FolderGuid:CCFF43354A5E6779F59E4297583E6429
 |   |   |- Guid:2F16A11144998648BEDE498E274DDA2F BaseClass:/Game/TMMusicalPack1/Musical/blueprints/BP_Synthesizer03.BP_Synthesizer03_C NativeClass:/Script/Engine.Actor Name:BP_Synthesizer03_C_UAID_9C6B0059DB81DA0B02_1621570484 Label:BP_Synthesizer03 SpatiallyLoaded:1 Bounds:IsValid=true, Min=(X=878.868 Y=215.525 Z=380.000), Max=(X=1081.132 Y=484.475 Z=530.637) RuntimeGrid:None EditorOnly:0 RuntimeOnly:0 HLODRelevant:0 ListedInSceneOutliner:1 IsMainWorldOnly:0 FolderPath:Objects FolderGuid:71B5035442A0A1BABF8DE0819A49DC18
 |   |   |- Guid:3F7787B249FABCC21140929E9FDB607D BaseClass: NativeClass:/Script/Engine.SkyAtmosphere Name:SkyAtmosphere_UAID_9C6B0059DB81D60B02_1672081776 Label:SkyAtmosphere SpatiallyLoaded:0 Bounds:IsValid=true, Min=(X=-380.000 Y=-330.000 Z=220.000), Max=(X=-380.000 Y=-330.000 Z=220.000) RuntimeGrid:None EditorOnly:0 RuntimeOnly:0 HLODRelevant:0 ListedInSceneOutliner:1 IsMainWorldOnly:0 FolderPath:SKY FolderGuid:CCFF43354A5E6779F59E4297583E6429
 |   |   |- Guid:447C39A140E4EA13EDFCB48737091D81 BaseClass:/Game/TMHighTechPack1/HighTech/blueprints/BP_Headset01.BP_Headset01_C NativeClass:/Script/Engine.Actor Name:BP_Headset01_C_UAID_9C6B0059DB81010E02_1993473459 Label:BP_Headset01 SpatiallyLoaded:1 Bounds:IsValid=true, Min=(X=5692.318 Y=1115.473 Z=385.995), Max=(X=5847.682 Y=1242.387 Z=573.406) RuntimeGrid:None EditorOnly:0 RuntimeOnly:0 HLODRelevant:0 ListedInSceneOutliner:1 IsMainWorldOnly:0
 |   |   |- Guid:49DD0BF74B3130D689AE29A60FD2E222 BaseClass:/Game/TMMusicalPack1/Musical/blueprints/BP_Saxophone04.BP_Saxophone04_C NativeClass:/Script/Engine.Actor Name:BP_Saxophone04_C_UAID_9C6B0059DB81D90B02_1836548306 Label:BP_Saxophone04 SpatiallyLoaded:1 Bounds:IsValid=true, Min=(X=876.521 Y=-460.647 Z=379.994), Max=(X=1049.204 Y=-244.316 Z=681.879) RuntimeGrid:None EditorOnly:0 RuntimeOnly:0 HLODRelevant:0 ListedInSceneOutliner:1 IsMainWorldOnly:0 FolderPath:Objects FolderGuid:71B5035442A0A1BABF8DE0819A49DC18
 |   |   |- Guid:6ED674C14D29365AC28DBF9F657FE353 BaseClass: NativeClass:/Script/Engine.PlayerStart Name:PlayerStart_UAID_9C6B0059DB81ED0902_1776605713 Label:PlayerStart SpatiallyLoaded:0 Bounds:IsValid=true, Min=(X=-40.000 Y=-40.000 Z=388.000), Max=(X=40.000 Y=40.000 Z=572.000) RuntimeGrid:None EditorOnly:0 RuntimeOnly:0 HLODRelevant:0 ListedInSceneOutliner:1 IsMainWorldOnly:0 FolderPath:Misc FolderGuid:46F98A94403D4F1D890573B2FD4B2311
 |   |   |- Guid:6FEFB3BD4EB37B849EF0D4AC80F83855 BaseClass: NativeClass:/Script/Engine.WorldDataLayers Name:WorldDataLayers Label:WorldDataLayers SpatiallyLoaded:0 Bounds:Invalid RuntimeGrid:None EditorOnly:0 RuntimeOnly:0 HLODRelevant:0 ListedInSceneOutliner:1 IsMainWorldOnly:1 FolderPath:Misc FolderGuid:46F98A94403D4F1D890573B2FD4B2311
 |   |   |- Guid:754F34264D114A095F1F1CB583FD19BE BaseClass: NativeClass:/Script/CinematicCamera.CineCameraActor Name:CineCameraActor_UAID_9C6B0059DB818A0B02_1968974421 Label:CineCameraActor SpatiallyLoaded:0 Bounds:IsValid=true, Min=(X=-280.000 Y=-20.000 Z=110.000), Max=(X=-280.000 Y=-20.000 Z=110.000) RuntimeGrid:None EditorOnly:0 RuntimeOnly:0 HLODRelevant:0 ListedInSceneOutliner:1 IsMainWorldOnly:0 FolderPath:Camera FolderGuid:F2034A3E475BA080CF51A08D6E7E5772
 |   |   |- Guid:77426F9043DFAA0455830A81E66F195C BaseClass: NativeClass:/Script/Engine.StaticMeshActor Name:StaticMeshActor_UAID_9C6B0059DB81D80B02_1774721129 Label:Cube8 SpatiallyLoaded:1 Bounds:IsValid=true, Min=(X=-450.880 Y=-610.116 Z=289.725), Max=(X=-350.880 Y=589.884 Z=989.725) RuntimeGrid:None EditorOnly:0 RuntimeOnly:0 HLODRelevant:1 ListedInSceneOutliner:1 IsMainWorldOnly:0 FolderPath:Cubes FolderGuid:1FABD2E442BE96E3869E3EB2E1DD3987
 |   |   |- Guid:7EC961F6416F1D204EC326B9A0849F33 BaseClass: NativeClass:/Script/Engine.StaticMeshActor Name:StaticMeshActor_UAID_9C6B0059DB81010E02_1618666455 Label:Cube12 SpatiallyLoaded:1 Bounds:IsValid=true, Min=(X=5692.500 Y=1217.500 Z=297.500), Max=(X=7167.500 Y=2242.500 Z=3022.500) RuntimeGrid:None EditorOnly:0 RuntimeOnly:0 HLODRelevant:1 ListedInSceneOutliner:1 IsMainWorldOnly:0 FolderPath:Cubes FolderGuid:1FABD2E442BE96E3869E3EB2E1DD3987
 |   |   |- Guid:884C8C50488EEC673AB9A8A1BBEF9AF6 BaseClass: NativeClass:/Script/Engine.StaticMeshActor Name:StaticMeshActor_UAID_9C6B0059DB81D80B02_1685716127 Label:Cube6 SpatiallyLoaded:1 Bounds:IsValid=true, Min=(X=-357.500 Y=-610.000 Z=280.000), Max=(X=1117.500 Y=-510.000 Z=980.000) RuntimeGrid:None EditorOnly:0 RuntimeOnly:0 HLODRelevant:1 ListedInSceneOutliner:1 IsMainWorldOnly:0 FolderPath:Cubes FolderGuid:1FABD2E442BE96E3869E3EB2E1DD3987
 |   |   |- Guid:8B54732441821B12B5D589B5962B7987 BaseClass: NativeClass:/Script/Engine.DirectionalLight Name:DirectionalLight_UAID_9C6B0059DB81DD0B02_1770967018 Label:DirectionalLight SpatiallyLoaded:0 Bounds:Invalid RuntimeGrid:None EditorOnly:0 RuntimeOnly:0 HLODRelevant:0 ListedInSceneOutliner:1 IsMainWorldOnly:0 FolderPath:SKY FolderGuid:CCFF43354A5E6779F59E4297583E6429
 |   |   |- Guid:A141C2084541E478FBE7F2A40521230C BaseClass:/Game/FirstPerson/Blueprints/BP_SpawnPos.BP_SpawnPos_C NativeClass:/Script/Engine.Actor Name:BP_SpawnPos_C_UAID_9C6B0059DB81290C02_1867628383 Label:BP_SpawnPos SpatiallyLoaded:1 Bounds:IsValid=true, Min=(X=362.000 Y=-48.000 Z=372.000), Max=(X=618.000 Y=208.000 Z=628.000) RuntimeGrid:None EditorOnly:0 RuntimeOnly:0 HLODRelevant:0 ListedInSceneOutliner:1 IsMainWorldOnly:0
 |   |   |- Guid:BED1C9DD48E291D83836B1AF6D6176EF BaseClass:/Game/FirstPerson/Blueprints/TeleportZone.TeleportZone_C NativeClass:/Script/Engine.Actor Name:TeleportZone_C_UAID_9C6B0059DB81870B02_2112258881 Label:TeleportZone SpatiallyLoaded:1 Bounds:IsValid=true, Min=(X=-593.582 Y=-1228.764 Z=-23.431), Max=(X=16180.405 Y=1083.383 Z=40.569) RuntimeGrid:None EditorOnly:0 RuntimeOnly:0 HLODRelevant:0 ListedInSceneOutliner:1 IsMainWorldOnly:0 FolderPath:Zones FolderGuid:3C7286BC4043CC7AAC52B8958D3053E2
 |   |   |- Guid:C3212A444C3DFE5E365BE7AAEAFA130D BaseClass: NativeClass:/Script/Engine.StaticMeshActor Name:StaticMeshActor_UAID_9C6B0059DB81D80B02_1733718128 Label:Cube7 SpatiallyLoaded:1 Bounds:IsValid=true, Min=(X=-357.500 Y=500.000 Z=280.000), Max=(X=1117.500 Y=600.000 Z=980.000) RuntimeGrid:None EditorOnly:0 RuntimeOnly:0 HLODRelevant:1 ListedInSceneOutliner:1 IsMainWorldOnly:0 FolderPath:Cubes FolderGuid:1FABD2E442BE96E3869E3EB2E1DD3987
 |   |   |- Guid:D83B61FB40FDA9A1DE71528A70AF56B4 BaseClass: NativeClass:/Script/Engine.StaticMeshActor Name:StaticMeshActor_UAID_9C6B0059DB81010E02_1705148457 Label:Cube14 SpatiallyLoaded:1 Bounds:IsValid=true, Min=(X=5691.500 Y=792.500 Z=298.000), Max=(X=6966.500 Y=1217.500 Z=398.000) RuntimeGrid:None EditorOnly:0 RuntimeOnly:0 HLODRelevant:1 ListedInSceneOutliner:1 IsMainWorldOnly:0 FolderPath:Cubes FolderGuid:1FABD2E442BE96E3869E3EB2E1DD3987
 |   |   |- Guid:D9EC092044BD30277C537AB93F00D499 BaseClass: NativeClass:/Script/Engine.StaticMeshActor Name:StaticMeshActor_UAID_9C6B0059DB81DD0B02_1375347014 Label:Cube10 SpatiallyLoaded:1 Bounds:IsValid=true, Min=(X=3532.500 Y=-512.500 Z=280.000), Max=(X=5007.500 Y=512.500 Z=380.000) RuntimeGrid:None EditorOnly:0 RuntimeOnly:0 HLODRelevant:1 ListedInSceneOutliner:1 IsMainWorldOnly:0 FolderPath:Cubes FolderGuid:1FABD2E442BE96E3869E3EB2E1DD3987
 |   |   |- Guid:E45064D1472BF3ADEC68EC9C3E3B8C4F BaseClass: NativeClass:/Script/Engine.StaticMeshActor Name:StaticMeshActor_UAID_9C6B0059DB81890B02_2051614237 Label:Cube5 SpatiallyLoaded:1 Bounds:IsValid=true, Min=(X=-357.500 Y=-512.500 Z=280.000), Max=(X=1117.500 Y=512.500 Z=380.000) RuntimeGrid:None EditorOnly:0 RuntimeOnly:0 HLODRelevant:1 ListedInSceneOutliner:1 IsMainWorldOnly:0 FolderPath:Cubes FolderGuid:1FABD2E442BE96E3869E3EB2E1DD3987
 |   |   |- Guid:F440F06249949BAE3DF667A7B7534790 BaseClass: NativeClass:/Script/Engine.StaticMeshActor Name:StaticMeshActor_UAID_9C6B0059DB81DA0B02_1692310485 Label:Cube9 SpatiallyLoaded:1 Bounds:IsValid=true, Min=(X=1502.500 Y=-512.500 Z=280.000), Max=(X=2977.500 Y=512.500 Z=380.000) RuntimeGrid:None EditorOnly:0 RuntimeOnly:0 HLODRelevant:1 ListedInSceneOutliner:1 IsMainWorldOnly:0 FolderPath:Cubes FolderGuid:1FABD2E442BE96E3869E3EB2E1DD3987
 |   |- [+] Clusters:
 |   |   |- [+] [  0]
 |   |   |   |- Guid:046250054871CA060EF84795FEC30818 BaseClass: NativeClass:/Script/Engine.SkyLight Name:SkyLight_UAID_9C6B0059DB81D60B02_1642694775 Label:SkyLight SpatiallyLoaded:0 Bounds:IsValid=true, Min=(X=-490.000 Y=-610.000 Z=50.000), Max=(X=-490.000 Y=-610.000 Z=50.000) RuntimeGrid:None EditorOnly:0 RuntimeOnly:0 HLODRelevant:0 ListedInSceneOutliner:1 IsMainWorldOnly:0 FolderPath:SKY FolderGuid:CCFF43354A5E6779F59E4297583E6429
 |   |   |- [+] [  1]
 |   |   |   |- Guid:0E62572E41B59DB7E5AC47AE3FE03338 BaseClass: NativeClass:/Script/Engine.StaticMeshActor Name:StaticMeshActor_UAID_9C6B0059DB81DD0B02_1406367015 Label:Cube11 SpatiallyLoaded:1 Bounds:IsValid=true, Min=(X=5472.500 Y=-512.500 Z=280.000), Max=(X=6947.500 Y=512.500 Z=380.000) RuntimeGrid:None EditorOnly:0 RuntimeOnly:0 HLODRelevant:1 ListedInSceneOutliner:1 IsMainWorldOnly:0 FolderPath:Cubes FolderGuid:1FABD2E442BE96E3869E3EB2E1DD3987
 |   |   |- [+] [  2]
 |   |   |   |- Guid:265ABDC74D6E48BCCAFF668C9EF67F50 BaseClass: NativeClass:/Script/Engine.StaticMeshActor Name:StaticMeshActor_UAID_9C6B0059DB81010E02_1653358456 Label:Cube13 SpatiallyLoaded:1 Bounds:IsValid=true, Min=(X=5267.500 Y=1217.500 Z=520.000), Max=(X=5692.500 Y=2242.500 Z=620.000) RuntimeGrid:None EditorOnly:0 RuntimeOnly:0 HLODRelevant:1 ListedInSceneOutliner:1 IsMainWorldOnly:0 FolderPath:Cubes FolderGuid:1FABD2E442BE96E3869E3EB2E1DD3987
 |   |   |- [+] [  3]
 |   |   |   |- Guid:28613EC649EDF522513ACD8B181FB3AA BaseClass: NativeClass:/Script/Engine.ExponentialHeightFog Name:ExponentialHeightFog_UAID_9C6B0059DB81D70B02_1081820954 Label:ExponentialHeightFog SpatiallyLoaded:0 Bounds:IsValid=true, Min=(X=-350.000 Y=-300.000 Z=190.000), Max=(X=-350.000 Y=-300.000 Z=190.000) RuntimeGrid:None EditorOnly:0 RuntimeOnly:0 HLODRelevant:0 ListedInSceneOutliner:1 IsMainWorldOnly:0 FolderPath:SKY FolderGuid:CCFF43354A5E6779F59E4297583E6429
 |   |   |- [+] [  4]
 |   |   |   |- Guid:2F16A11144998648BEDE498E274DDA2F BaseClass:/Game/TMMusicalPack1/Musical/blueprints/BP_Synthesizer03.BP_Synthesizer03_C NativeClass:/Script/Engine.Actor Name:BP_Synthesizer03_C_UAID_9C6B0059DB81DA0B02_1621570484 Label:BP_Synthesizer03 SpatiallyLoaded:1 Bounds:IsValid=true, Min=(X=878.868 Y=215.525 Z=380.000), Max=(X=1081.132 Y=484.475 Z=530.637) RuntimeGrid:None EditorOnly:0 RuntimeOnly:0 HLODRelevant:0 ListedInSceneOutliner:1 IsMainWorldOnly:0 FolderPath:Objects FolderGuid:71B5035442A0A1BABF8DE0819A49DC18
 |   |   |- [+] [  5]
 |   |   |   |- Guid:3F7787B249FABCC21140929E9FDB607D BaseClass: NativeClass:/Script/Engine.SkyAtmosphere Name:SkyAtmosphere_UAID_9C6B0059DB81D60B02_1672081776 Label:SkyAtmosphere SpatiallyLoaded:0 Bounds:IsValid=true, Min=(X=-380.000 Y=-330.000 Z=220.000), Max=(X=-380.000 Y=-330.000 Z=220.000) RuntimeGrid:None EditorOnly:0 RuntimeOnly:0 HLODRelevant:0 ListedInSceneOutliner:1 IsMainWorldOnly:0 FolderPath:SKY FolderGuid:CCFF43354A5E6779F59E4297583E6429
 |   |   |- [+] [  6]
 |   |   |   |- Guid:447C39A140E4EA13EDFCB48737091D81 BaseClass:/Game/TMHighTechPack1/HighTech/blueprints/BP_Headset01.BP_Headset01_C NativeClass:/Script/Engine.Actor Name:BP_Headset01_C_UAID_9C6B0059DB81010E02_1993473459 Label:BP_Headset01 SpatiallyLoaded:1 Bounds:IsValid=true, Min=(X=5692.318 Y=1115.473 Z=385.995), Max=(X=5847.682 Y=1242.387 Z=573.406) RuntimeGrid:None EditorOnly:0 RuntimeOnly:0 HLODRelevant:0 ListedInSceneOutliner:1 IsMainWorldOnly:0
 |   |   |- [+] [  7]
 |   |   |   |- Guid:49DD0BF74B3130D689AE29A60FD2E222 BaseClass:/Game/TMMusicalPack1/Musical/blueprints/BP_Saxophone04.BP_Saxophone04_C NativeClass:/Script/Engine.Actor Name:BP_Saxophone04_C_UAID_9C6B0059DB81D90B02_1836548306 Label:BP_Saxophone04 SpatiallyLoaded:1 Bounds:IsValid=true, Min=(X=876.521 Y=-460.647 Z=379.994), Max=(X=1049.204 Y=-244.316 Z=681.879) RuntimeGrid:None EditorOnly:0 RuntimeOnly:0 HLODRelevant:0 ListedInSceneOutliner:1 IsMainWorldOnly:0 FolderPath:Objects FolderGuid:71B5035442A0A1BABF8DE0819A49DC18
 |   |   |- [+] [  8]
 |   |   |   |- Guid:6ED674C14D29365AC28DBF9F657FE353 BaseClass: NativeClass:/Script/Engine.PlayerStart Name:PlayerStart_UAID_9C6B0059DB81ED0902_1776605713 Label:PlayerStart SpatiallyLoaded:0 Bounds:IsValid=true, Min=(X=-40.000 Y=-40.000 Z=388.000), Max=(X=40.000 Y=40.000 Z=572.000) RuntimeGrid:None EditorOnly:0 RuntimeOnly:0 HLODRelevant:0 ListedInSceneOutliner:1 IsMainWorldOnly:0 FolderPath:Misc FolderGuid:46F98A94403D4F1D890573B2FD4B2311
 |   |   |- [+] [  9]
 |   |   |   |- Guid:6FEFB3BD4EB37B849EF0D4AC80F83855 BaseClass: NativeClass:/Script/Engine.WorldDataLayers Name:WorldDataLayers Label:WorldDataLayers SpatiallyLoaded:0 Bounds:Invalid RuntimeGrid:None EditorOnly:0 RuntimeOnly:0 HLODRelevant:0 ListedInSceneOutliner:1 IsMainWorldOnly:1 FolderPath:Misc FolderGuid:46F98A94403D4F1D890573B2FD4B2311
 |   |   |- [+] [ 10]
 |   |   |   |- Guid:754F34264D114A095F1F1CB583FD19BE BaseClass: NativeClass:/Script/CinematicCamera.CineCameraActor Name:CineCameraActor_UAID_9C6B0059DB818A0B02_1968974421 Label:CineCameraActor SpatiallyLoaded:0 Bounds:IsValid=true, Min=(X=-280.000 Y=-20.000 Z=110.000), Max=(X=-280.000 Y=-20.000 Z=110.000) RuntimeGrid:None EditorOnly:0 RuntimeOnly:0 HLODRelevant:0 ListedInSceneOutliner:1 IsMainWorldOnly:0 FolderPath:Camera FolderGuid:F2034A3E475BA080CF51A08D6E7E5772
 |   |   |- [+] [ 11]
 |   |   |   |- Guid:77426F9043DFAA0455830A81E66F195C BaseClass: NativeClass:/Script/Engine.StaticMeshActor Name:StaticMeshActor_UAID_9C6B0059DB81D80B02_1774721129 Label:Cube8 SpatiallyLoaded:1 Bounds:IsValid=true, Min=(X=-450.880 Y=-610.116 Z=289.725), Max=(X=-350.880 Y=589.884 Z=989.725) RuntimeGrid:None EditorOnly:0 RuntimeOnly:0 HLODRelevant:1 ListedInSceneOutliner:1 IsMainWorldOnly:0 FolderPath:Cubes FolderGuid:1FABD2E442BE96E3869E3EB2E1DD3987
 |   |   |- [+] [ 12]
 |   |   |   |- Guid:7EC961F6416F1D204EC326B9A0849F33 BaseClass: NativeClass:/Script/Engine.StaticMeshActor Name:StaticMeshActor_UAID_9C6B0059DB81010E02_1618666455 Label:Cube12 SpatiallyLoaded:1 Bounds:IsValid=true, Min=(X=5692.500 Y=1217.500 Z=297.500), Max=(X=7167.500 Y=2242.500 Z=3022.500) RuntimeGrid:None EditorOnly:0 RuntimeOnly:0 HLODRelevant:1 ListedInSceneOutliner:1 IsMainWorldOnly:0 FolderPath:Cubes FolderGuid:1FABD2E442BE96E3869E3EB2E1DD3987
 |   |   |- [+] [ 13]
 |   |   |   |- Guid:884C8C50488EEC673AB9A8A1BBEF9AF6 BaseClass: NativeClass:/Script/Engine.StaticMeshActor Name:StaticMeshActor_UAID_9C6B0059DB81D80B02_1685716127 Label:Cube6 SpatiallyLoaded:1 Bounds:IsValid=true, Min=(X=-357.500 Y=-610.000 Z=280.000), Max=(X=1117.500 Y=-510.000 Z=980.000) RuntimeGrid:None EditorOnly:0 RuntimeOnly:0 HLODRelevant:1 ListedInSceneOutliner:1 IsMainWorldOnly:0 FolderPath:Cubes FolderGuid:1FABD2E442BE96E3869E3EB2E1DD3987
 |   |   |- [+] [ 14]
 |   |   |   |- Guid:8B54732441821B12B5D589B5962B7987 BaseClass: NativeClass:/Script/Engine.DirectionalLight Name:DirectionalLight_UAID_9C6B0059DB81DD0B02_1770967018 Label:DirectionalLight SpatiallyLoaded:0 Bounds:Invalid RuntimeGrid:None EditorOnly:0 RuntimeOnly:0 HLODRelevant:0 ListedInSceneOutliner:1 IsMainWorldOnly:0 FolderPath:SKY FolderGuid:CCFF43354A5E6779F59E4297583E6429
 |   |   |- [+] [ 15]
 |   |   |   |- Guid:A141C2084541E478FBE7F2A40521230C BaseClass:/Game/FirstPerson/Blueprints/BP_SpawnPos.BP_SpawnPos_C NativeClass:/Script/Engine.Actor Name:BP_SpawnPos_C_UAID_9C6B0059DB81290C02_1867628383 Label:BP_SpawnPos SpatiallyLoaded:1 Bounds:IsValid=true, Min=(X=362.000 Y=-48.000 Z=372.000), Max=(X=618.000 Y=208.000 Z=628.000) RuntimeGrid:None EditorOnly:0 RuntimeOnly:0 HLODRelevant:0 ListedInSceneOutliner:1 IsMainWorldOnly:0
 |   |   |- [+] [ 16]
 |   |   |   |- Guid:BED1C9DD48E291D83836B1AF6D6176EF BaseClass:/Game/FirstPerson/Blueprints/TeleportZone.TeleportZone_C NativeClass:/Script/Engine.Actor Name:TeleportZone_C_UAID_9C6B0059DB81870B02_2112258881 Label:TeleportZone SpatiallyLoaded:1 Bounds:IsValid=true, Min=(X=-593.582 Y=-1228.764 Z=-23.431), Max=(X=16180.405 Y=1083.383 Z=40.569) RuntimeGrid:None EditorOnly:0 RuntimeOnly:0 HLODRelevant:0 ListedInSceneOutliner:1 IsMainWorldOnly:0 FolderPath:Zones FolderGuid:3C7286BC4043CC7AAC52B8958D3053E2
 |   |   |- [+] [ 17]
 |   |   |   |- Guid:C3212A444C3DFE5E365BE7AAEAFA130D BaseClass: NativeClass:/Script/Engine.StaticMeshActor Name:StaticMeshActor_UAID_9C6B0059DB81D80B02_1733718128 Label:Cube7 SpatiallyLoaded:1 Bounds:IsValid=true, Min=(X=-357.500 Y=500.000 Z=280.000), Max=(X=1117.500 Y=600.000 Z=980.000) RuntimeGrid:None EditorOnly:0 RuntimeOnly:0 HLODRelevant:1 ListedInSceneOutliner:1 IsMainWorldOnly:0 FolderPath:Cubes FolderGuid:1FABD2E442BE96E3869E3EB2E1DD3987
 |   |   |- [+] [ 18]
 |   |   |   |- Guid:D83B61FB40FDA9A1DE71528A70AF56B4 BaseClass: NativeClass:/Script/Engine.StaticMeshActor Name:StaticMeshActor_UAID_9C6B0059DB81010E02_1705148457 Label:Cube14 SpatiallyLoaded:1 Bounds:IsValid=true, Min=(X=5691.500 Y=792.500 Z=298.000), Max=(X=6966.500 Y=1217.500 Z=398.000) RuntimeGrid:None EditorOnly:0 RuntimeOnly:0 HLODRelevant:1 ListedInSceneOutliner:1 IsMainWorldOnly:0 FolderPath:Cubes FolderGuid:1FABD2E442BE96E3869E3EB2E1DD3987
 |   |   |- [+] [ 19]
 |   |   |   |- Guid:D9EC092044BD30277C537AB93F00D499 BaseClass: NativeClass:/Script/Engine.StaticMeshActor Name:StaticMeshActor_UAID_9C6B0059DB81DD0B02_1375347014 Label:Cube10 SpatiallyLoaded:1 Bounds:IsValid=true, Min=(X=3532.500 Y=-512.500 Z=280.000), Max=(X=5007.500 Y=512.500 Z=380.000) RuntimeGrid:None EditorOnly:0 RuntimeOnly:0 HLODRelevant:1 ListedInSceneOutliner:1 IsMainWorldOnly:0 FolderPath:Cubes FolderGuid:1FABD2E442BE96E3869E3EB2E1DD3987
 |   |   |- [+] [ 20]
 |   |   |   |- Guid:E45064D1472BF3ADEC68EC9C3E3B8C4F BaseClass: NativeClass:/Script/Engine.StaticMeshActor Name:StaticMeshActor_UAID_9C6B0059DB81890B02_2051614237 Label:Cube5 SpatiallyLoaded:1 Bounds:IsValid=true, Min=(X=-357.500 Y=-512.500 Z=280.000), Max=(X=1117.500 Y=512.500 Z=380.000) RuntimeGrid:None EditorOnly:0 RuntimeOnly:0 HLODRelevant:1 ListedInSceneOutliner:1 IsMainWorldOnly:0 FolderPath:Cubes FolderGuid:1FABD2E442BE96E3869E3EB2E1DD3987
 |   |   |- [+] [ 21]
 |   |   |   |- Guid:F440F06249949BAE3DF667A7B7534790 BaseClass: NativeClass:/Script/Engine.StaticMeshActor Name:StaticMeshActor_UAID_9C6B0059DB81DA0B02_1692310485 Label:Cube9 SpatiallyLoaded:1 Bounds:IsValid=true, Min=(X=1502.500 Y=-512.500 Z=280.000), Max=(X=2977.500 Y=512.500 Z=380.000) RuntimeGrid:None EditorOnly:0 RuntimeOnly:0 HLODRelevant:1 ListedInSceneOutliner:1 IsMainWorldOnly:0 FolderPath:Cubes FolderGuid:1FABD2E442BE96E3869E3EB2E1DD3987
 |- ContainerInstances:
 |- [+] MainContainer:
 |   |-        ID: 00000000000000000000000000000000
 |   |-  ParentID: 00000000000000000000000000000000
 |   |-    Bounds: IsValid=false, Min=(X=0.000 Y=0.000 Z=0.000), Max=(X=0.000 Y=0.000 Z=0.000)
 |   |- Transform: 0.000000,0.000000,0.000000|0.000000,0.000000,-0.000000|1.000000,1.000000,1.000000
 |   |- Container: /Game/FirstPerson/Maps/FirstPersonMap
----------------------------------------------------------------------------------------------------------------
FirstPersonMap - Persistent Level
----------------------------------------------------------------------------------------------------------------
[+] Content of FirstPersonMap Persistent Level
 |- Always loaded Actor Count: 22 
 |- Actor Path: /Game/FirstPerson/Maps/FirstPersonMap.FirstPersonMap:PersistentLevel.BP_Headset01_C_UAID_9C6B0059DB81010E02_1993473459
 |- Actor Package: /Game/__ExternalActors__/FirstPerson/Maps/FirstPersonMap/C/E0/VOHCL2I8RUTC9IAOTFGEWK
 |- Actor Path: /Game/FirstPerson/Maps/FirstPersonMap.FirstPersonMap:PersistentLevel.BP_Saxophone04_C_UAID_9C6B0059DB81D90B02_1836548306
 |- Actor Package: /Game/__ExternalActors__/FirstPerson/Maps/FirstPersonMap/4/IC/A74QTHRMX2JTBZQ3L9F2AY
 |- Actor Path: /Game/FirstPerson/Maps/FirstPersonMap.FirstPersonMap:PersistentLevel.BP_SpawnPos_C_UAID_9C6B0059DB81290C02_1867628383
 |- Actor Package: /Game/__ExternalActors__/FirstPerson/Maps/FirstPersonMap/0/HS/Z4QDU3QFXFY8KQDRCAMFPN
 |- Actor Path: /Game/FirstPerson/Maps/FirstPersonMap.FirstPersonMap:PersistentLevel.BP_Synthesizer03_C_UAID_9C6B0059DB81DA0B02_1621570484
 |- Actor Package: /Game/__ExternalActors__/FirstPerson/Maps/FirstPersonMap/D/H1/USDESMXDP6P9R9DHOKGYNM
 |- Actor Path: /Game/FirstPerson/Maps/FirstPersonMap.FirstPersonMap:PersistentLevel.CineCameraActor_UAID_9C6B0059DB818A0B02_1968974421
 |- Actor Package: /Game/__ExternalActors__/FirstPerson/Maps/FirstPersonMap/D/B1/YWCNRL8X4WAT03CHIBAEF0
 |- Actor Path: /Game/FirstPerson/Maps/FirstPersonMap.FirstPersonMap:PersistentLevel.DirectionalLight_UAID_9C6B0059DB81DD0B02_1770967018
 |- Actor Package: /Game/__ExternalActors__/FirstPerson/Maps/FirstPersonMap/7/YO/RR3JIBGCCQL3WT5V83APFQ
 |- Actor Path: /Game/FirstPerson/Maps/FirstPersonMap.FirstPersonMap:PersistentLevel.ExponentialHeightFog_UAID_9C6B0059DB81D70B02_1081820954
 |- Actor Package: /Game/__ExternalActors__/FirstPerson/Maps/FirstPersonMap/0/9R/A2515SP58NIPMX1XEJCVTM
 |- Actor Path: /Game/FirstPerson/Maps/FirstPersonMap.FirstPersonMap:PersistentLevel.PlayerStart_UAID_9C6B0059DB81ED0902_1776605713
 |- Actor Package: /Game/__ExternalActors__/FirstPerson/Maps/FirstPersonMap/A/93/X22Q8G1XY5GQXFW10MMPB5
 |- Actor Path: /Game/FirstPerson/Maps/FirstPersonMap.FirstPersonMap:PersistentLevel.SkyAtmosphere_UAID_9C6B0059DB81D60B02_1672081776
 |- Actor Package: /Game/__ExternalActors__/FirstPerson/Maps/FirstPersonMap/9/P9/D97B3URB9CRYWPZ894WVB5
 |- Actor Path: /Game/FirstPerson/Maps/FirstPersonMap.FirstPersonMap:PersistentLevel.SkyLight_UAID_9C6B0059DB81D60B02_1642694775
 |- Actor Package: /Game/__ExternalActors__/FirstPerson/Maps/FirstPersonMap/9/J8/ZXG610H8FMZL61QHM4735A
 |- Actor Path: /Game/FirstPerson/Maps/FirstPersonMap.FirstPersonMap:PersistentLevel.StaticMeshActor_UAID_9C6B0059DB81010E02_1618666455
 |- Actor Package: /Game/__ExternalActors__/FirstPerson/Maps/FirstPersonMap/C/VZ/F8C1GMYH8TLCRAOL7SU68Z
 |- Actor Path: /Game/FirstPerson/Maps/FirstPersonMap.FirstPersonMap:PersistentLevel.StaticMeshActor_UAID_9C6B0059DB81010E02_1653358456
 |- Actor Package: /Game/__ExternalActors__/FirstPerson/Maps/FirstPersonMap/E/YC/0EC8DVN9ACH0BUDZS2XQWQ
 |- Actor Path: /Game/FirstPerson/Maps/FirstPersonMap.FirstPersonMap:PersistentLevel.StaticMeshActor_UAID_9C6B0059DB81010E02_1705148457
 |- Actor Package: /Game/__ExternalActors__/FirstPerson/Maps/FirstPersonMap/3/2G/54BNQQH6F6BGFRYIPPTA8N
 |- Actor Path: /Game/FirstPerson/Maps/FirstPersonMap.FirstPersonMap:PersistentLevel.StaticMeshActor_UAID_9C6B0059DB81890B02_2051614237
 |- Actor Package: /Game/__ExternalActors__/FirstPerson/Maps/FirstPersonMap/B/U6/LVKSFC3IO37HKN35KBTQEZ
 |- Actor Path: /Game/FirstPerson/Maps/FirstPersonMap.FirstPersonMap:PersistentLevel.StaticMeshActor_UAID_9C6B0059DB81D80B02_1685716127
 |- Actor Package: /Game/__ExternalActors__/FirstPerson/Maps/FirstPersonMap/B/RC/AH3GNI919F87BVMDGVTWVL
 |- Actor Path: /Game/FirstPerson/Maps/FirstPersonMap.FirstPersonMap:PersistentLevel.StaticMeshActor_UAID_9C6B0059DB81D80B02_1733718128
 |- Actor Package: /Game/__ExternalActors__/FirstPerson/Maps/FirstPersonMap/5/P6/7AS6QYLYF363T52UI9J3XM
 |- Actor Path: /Game/FirstPerson/Maps/FirstPersonMap.FirstPersonMap:PersistentLevel.StaticMeshActor_UAID_9C6B0059DB81D80B02_1774721129
 |- Actor Package: /Game/__ExternalActors__/FirstPerson/Maps/FirstPersonMap/8/79/HN4QKD2I6MDRSQQV4FL8TR
 |- Actor Path: /Game/FirstPerson/Maps/FirstPersonMap.FirstPersonMap:PersistentLevel.StaticMeshActor_UAID_9C6B0059DB81DA0B02_1692310485
 |- Actor Package: /Game/__ExternalActors__/FirstPerson/Maps/FirstPersonMap/0/DN/JWTBTIYCPD90969EVU4I5H
 |- Actor Path: /Game/FirstPerson/Maps/FirstPersonMap.FirstPersonMap:PersistentLevel.StaticMeshActor_UAID_9C6B0059DB81DD0B02_1375347014
 |- Actor Package: /Game/__ExternalActors__/FirstPerson/Maps/FirstPersonMap/9/GY/H4JGMDBN36Q3A8A9J597IC
 |- Actor Path: /Game/FirstPerson/Maps/FirstPersonMap.FirstPersonMap:PersistentLevel.StaticMeshActor_UAID_9C6B0059DB81DD0B02_1406367015
 |- Actor Package: /Game/__ExternalActors__/FirstPerson/Maps/FirstPersonMap/1/MD/H59VAYWCWKPMAKDU7VZHPM
 |- Actor Path: /Game/FirstPerson/Maps/FirstPersonMap.FirstPersonMap:PersistentLevel.TeleportZone_C_UAID_9C6B0059DB81870B02_2112258881
 |- Actor Package: /Game/__ExternalActors__/FirstPerson/Maps/FirstPersonMap/7/VF/CESJ3RS15ZKW4GZLK176L0
 |- Actor Path: /Game/FirstPerson/Maps/FirstPersonMap.FirstPersonMap:PersistentLevel.WorldDataLayers
 |- Actor Package: /Game/__ExternalActors__/FirstPerson/Maps/FirstPersonMap/D/0W/E1FKEGVKGOLM7HGLQPCIPO

----------------------------------------------------------------------------------------------------------------
FirstPersonMap - Runtime Hash Set
----------------------------------------------------------------------------------------------------------------

