[+] Containers:
 |- [+] Container: /Game/FirstPerson/Maps/FirstPersonMap
 |   |- [+] ActorDescs:
 |   |   |- Guid:61A327704AD9380FD5DE6996A0CD1560 BaseClass: NativeClass:/Script/Engine.StaticMeshActor Name:StaticMeshActor_UAID_9C6B0059DB81ED0902_1726094712 Label:Cube SpatiallyLoaded:1 Bounds:IsValid=true, Min=(X=-570.000 Y=1620.000 Z=940.000), Max=(X=-470.000 Y=1720.000 Z=1040.000) RuntimeGrid:None EditorOnly:0 RuntimeOnly:0 HLODRelevant:1 ListedInSceneOutliner:1 IsMainWorldOnly:0
 |   |   |- Guid:6ED674C14D29365AC28DBF9F657FE353 BaseClass: NativeClass:/Script/Engine.PlayerStart Name:PlayerStart_UAID_9C6B0059DB81ED0902_1776605713 Label:PlayerStart SpatiallyLoaded:0 Bounds:IsValid=true, Min=(X=-530.000 Y=1620.000 Z=1058.000), Max=(X=-450.000 Y=1700.000 Z=1242.000) RuntimeGrid:None EditorOnly:0 RuntimeOnly:0 HLODRelevant:0 ListedInSceneOutliner:1 IsMainWorldOnly:0
 |   |   |- Guid:6FEFB3BD4EB37B849EF0D4AC80F83855 BaseClass: NativeClass:/Script/Engine.WorldDataLayers Name:WorldDataLayers Label:WorldDataLayers SpatiallyLoaded:0 Bounds:IsValid=true, Min=(X=0.000 Y=0.000 Z=0.000), Max=(X=0.000 Y=0.000 Z=0.000) RuntimeGrid:None EditorOnly:0 RuntimeOnly:0 HLODRelevant:0 ListedInSceneOutliner:1 IsMainWorldOnly:1
 |   |   |- Guid:A9145CFC4EDEACFA10B4DAA83CB591B7 BaseClass: NativeClass:/Script/Engine.SpotLight Name:SpotLight_UAID_9C6B0059DB81ED0902_1703096711 Label:SpotLight SpatiallyLoaded:1 Bounds:IsValid=true, Min=(X=-1245.082 Y=974.918 Z=9.836), Max=(X=145.082 Y=2365.082 Z=1400.000) RuntimeGrid:None EditorOnly:0 RuntimeOnly:0 HLODRelevant:0 ListedInSceneOutliner:1 IsMainWorldOnly:0
 |   |   |- Guid:B10CC21A4338BE1884CEA3913BC00712 BaseClass: NativeClass:/Script/Engine.StaticMeshActor Name:StaticMeshActor_UAID_9C6B0059DB81ED0902_1871336714 Label:Cube2 SpatiallyLoaded:1 Bounds:IsValid=true, Min=(X=-670.000 Y=2170.000 Z=1230.000), Max=(X=-570.000 Y=2270.000 Z=1330.000) RuntimeGrid:None EditorOnly:0 RuntimeOnly:0 HLODRelevant:1 ListedInSceneOutliner:1 IsMainWorldOnly:0
 |   |- [+] Clusters:
 |   |   |- [+] [  0]
 |   |   |   |- Guid:61A327704AD9380FD5DE6996A0CD1560 BaseClass: NativeClass:/Script/Engine.StaticMeshActor Name:StaticMeshActor_UAID_9C6B0059DB81ED0902_1726094712 Label:Cube SpatiallyLoaded:1 Bounds:IsValid=true, Min=(X=-570.000 Y=1620.000 Z=940.000), Max=(X=-470.000 Y=1720.000 Z=1040.000) RuntimeGrid:None EditorOnly:0 RuntimeOnly:0 HLODRelevant:1 ListedInSceneOutliner:1 IsMainWorldOnly:0
 |   |   |- [+] [  1]
 |   |   |   |- Guid:6ED674C14D29365AC28DBF9F657FE353 BaseClass: NativeClass:/Script/Engine.PlayerStart Name:PlayerStart_UAID_9C6B0059DB81ED0902_1776605713 Label:PlayerStart SpatiallyLoaded:0 Bounds:IsValid=true, Min=(X=-530.000 Y=1620.000 Z=1058.000), Max=(X=-450.000 Y=1700.000 Z=1242.000) RuntimeGrid:None EditorOnly:0 RuntimeOnly:0 HLODRelevant:0 ListedInSceneOutliner:1 IsMainWorldOnly:0
 |   |   |- [+] [  2]
 |   |   |   |- Guid:6FEFB3BD4EB37B849EF0D4AC80F83855 BaseClass: NativeClass:/Script/Engine.WorldDataLayers Name:WorldDataLayers Label:WorldDataLayers SpatiallyLoaded:0 Bounds:IsValid=true, Min=(X=0.000 Y=0.000 Z=0.000), Max=(X=0.000 Y=0.000 Z=0.000) RuntimeGrid:None EditorOnly:0 RuntimeOnly:0 HLODRelevant:0 ListedInSceneOutliner:1 IsMainWorldOnly:1
 |   |   |- [+] [  3]
 |   |   |   |- Guid:A9145CFC4EDEACFA10B4DAA83CB591B7 BaseClass: NativeClass:/Script/Engine.SpotLight Name:SpotLight_UAID_9C6B0059DB81ED0902_1703096711 Label:SpotLight SpatiallyLoaded:1 Bounds:IsValid=true, Min=(X=-1245.082 Y=974.918 Z=9.836), Max=(X=145.082 Y=2365.082 Z=1400.000) RuntimeGrid:None EditorOnly:0 RuntimeOnly:0 HLODRelevant:0 ListedInSceneOutliner:1 IsMainWorldOnly:0
 |   |   |- [+] [  4]
 |   |   |   |- Guid:B10CC21A4338BE1884CEA3913BC00712 BaseClass: NativeClass:/Script/Engine.StaticMeshActor Name:StaticMeshActor_UAID_9C6B0059DB81ED0902_1871336714 Label:Cube2 SpatiallyLoaded:1 Bounds:IsValid=true, Min=(X=-670.000 Y=2170.000 Z=1230.000), Max=(X=-570.000 Y=2270.000 Z=1330.000) RuntimeGrid:None EditorOnly:0 RuntimeOnly:0 HLODRelevant:1 ListedInSceneOutliner:1 IsMainWorldOnly:0
 |- ContainerInstances:
 |- [+] MainContainer:
 |   |-        ID: 00000000000000000000000000000000
 |   |-  ParentID: 00000000000000000000000000000000
 |   |-    Bounds: IsValid=false, Min=(X=0.000 Y=0.000 Z=0.000), Max=(X=0.000 Y=0.000 Z=0.000)
 |   |- Transform: 0.000000,0.000000,0.000000|0.000000,0.000000,-0.000000|1.000000,1.000000,1.000000
 |   |- Container: /Game/FirstPerson/Maps/FirstPersonMap
----------------------------------------------------------------------------------------------------------------
FirstPersonMap - Persistent Level
----------------------------------------------------------------------------------------------------------------
[+] Content of FirstPersonMap Persistent Level
 |- Always loaded Actor Count: 5 
 |- Actor Path: /Game/FirstPerson/Maps/FirstPersonMap.FirstPersonMap:PersistentLevel.PlayerStart_UAID_9C6B0059DB81ED0902_1776605713
 |- Actor Package: /Game/__ExternalActors__/FirstPerson/Maps/FirstPersonMap/A/93/X22Q8G1XY5GQXFW10MMPB5
 |- Actor Path: /Game/FirstPerson/Maps/FirstPersonMap.FirstPersonMap:PersistentLevel.SpotLight_UAID_9C6B0059DB81ED0902_1703096711
 |- Actor Package: /Game/__ExternalActors__/FirstPerson/Maps/FirstPersonMap/5/MU/7AZT2V1Z35PTUCHH94XSM5
 |- Actor Path: /Game/FirstPerson/Maps/FirstPersonMap.FirstPersonMap:PersistentLevel.StaticMeshActor_UAID_9C6B0059DB81ED0902_1726094712
 |- Actor Package: /Game/__ExternalActors__/FirstPerson/Maps/FirstPersonMap/E/4N/2ZZAARRP9A0U82ZZMOQC5F
 |- Actor Path: /Game/FirstPerson/Maps/FirstPersonMap.FirstPersonMap:PersistentLevel.StaticMeshActor_UAID_9C6B0059DB81ED0902_1871336714
 |- Actor Package: /Game/__ExternalActors__/FirstPerson/Maps/FirstPersonMap/8/E0/5NSQJP6MPAH85YJJMX09PQ
 |- Actor Path: /Game/FirstPerson/Maps/FirstPersonMap.FirstPersonMap:PersistentLevel.WorldDataLayers
 |- Actor Package: /Game/__ExternalActors__/FirstPerson/Maps/FirstPersonMap/D/0W/E1FKEGVKGOLM7HGLQPCIPO

----------------------------------------------------------------------------------------------------------------
FirstPersonMap - Runtime Hash Set
----------------------------------------------------------------------------------------------------------------

