[+] Containers:
 |- [+] Container: /Game/FirstPerson/Maps/FirstPersonMap
 |   |- [+] ActorDescs:
 |   |   |- Guid:2A7D95A34850DA01C3127CA807ECD81B BaseClass: NativeClass:/Script/Engine.StaticMeshActor Name:StaticMeshActor_UAID_9C6B0059DB81890B02_2063579239 Label:Cube7 SpatiallyLoaded:1 Bounds:IsValid=true, Min=(X=-50.000 Y=-150.000 Z=-50.000), Max=(X=50.000 Y=-50.000 Z=50.000) RuntimeGrid:None EditorOnly:0 RuntimeOnly:0 HLODRelevant:1 ListedInSceneOutliner:1 IsMainWorldOnly:0 FolderPath:Cubes FolderGuid:1FABD2E442BE96E3869E3EB2E1DD3987
 |   |   |- Guid:2C38205F46E225F6675164B7231F7AC3 BaseClass: NativeClass:/Script/Engine.StaticMeshActor Name:StaticMeshActor_UAID_9C6B0059DB81890B02_2068894241 Label:Cube9 SpatiallyLoaded:1 Bounds:IsValid=true, Min=(X=-140.000 Y=-50.000 Z=-50.000), Max=(X=-40.000 Y=50.000 Z=50.000) RuntimeGrid:None EditorOnly:0 RuntimeOnly:0 HLODRelevant:1 ListedInSceneOutliner:1 IsMainWorldOnly:0 FolderPath:Cubes FolderGuid:1FABD2E442BE96E3869E3EB2E1DD3987
 |   |   |- Guid:2FFC530D4C82F39CFD4829818112313F BaseClass: NativeClass:/Script/Engine.StaticMeshActor Name:StaticMeshActor_UAID_9C6B0059DB81890B02_2059427238 Label:Cube6 SpatiallyLoaded:1 Bounds:IsValid=true, Min=(X=50.000 Y=-150.000 Z=-50.000), Max=(X=150.000 Y=-50.000 Z=50.000) RuntimeGrid:None EditorOnly:0 RuntimeOnly:0 HLODRelevant:1 ListedInSceneOutliner:1 IsMainWorldOnly:0 FolderPath:Cubes FolderGuid:1FABD2E442BE96E3869E3EB2E1DD3987
 |   |   |- Guid:5C5C860041854C2B1301828691F2BE29 BaseClass: NativeClass:/Script/Engine.StaticMeshActor Name:StaticMeshActor_UAID_9C6B0059DB81890B02_2068892240 Label:Cube8 SpatiallyLoaded:1 Bounds:IsValid=true, Min=(X=-140.000 Y=40.000 Z=-50.000), Max=(X=-40.000 Y=140.000 Z=50.000) RuntimeGrid:None EditorOnly:0 RuntimeOnly:0 HLODRelevant:1 ListedInSceneOutliner:1 IsMainWorldOnly:0 FolderPath:Cubes FolderGuid:1FABD2E442BE96E3869E3EB2E1DD3987
 |   |   |- Guid:61A327704AD9380FD5DE6996A0CD1560 BaseClass: NativeClass:/Script/Engine.StaticMeshActor Name:StaticMeshActor_UAID_9C6B0059DB81ED0902_1726094712 Label:Cube SpatiallyLoaded:1 Bounds:IsValid=true, Min=(X=-50.000 Y=-50.000 Z=-50.000), Max=(X=50.000 Y=50.000 Z=50.000) RuntimeGrid:None EditorOnly:0 RuntimeOnly:0 HLODRelevant:1 ListedInSceneOutliner:1 IsMainWorldOnly:0 FolderPath:Cubes FolderGuid:1FABD2E442BE96E3869E3EB2E1DD3987
 |   |   |- Guid:6ED674C14D29365AC28DBF9F657FE353 BaseClass: NativeClass:/Script/Engine.PlayerStart Name:PlayerStart_UAID_9C6B0059DB81ED0902_1776605713 Label:PlayerStart SpatiallyLoaded:0 Bounds:IsValid=true, Min=(X=-40.000 Y=-40.000 Z=58.000), Max=(X=40.000 Y=40.000 Z=242.000) RuntimeGrid:None EditorOnly:0 RuntimeOnly:0 HLODRelevant:0 ListedInSceneOutliner:1 IsMainWorldOnly:0 FolderPath:Misc FolderGuid:46F98A94403D4F1D890573B2FD4B2311
 |   |   |- Guid:6FEFB3BD4EB37B849EF0D4AC80F83855 BaseClass: NativeClass:/Script/Engine.WorldDataLayers Name:WorldDataLayers Label:WorldDataLayers SpatiallyLoaded:0 Bounds:Invalid RuntimeGrid:None EditorOnly:0 RuntimeOnly:0 HLODRelevant:0 ListedInSceneOutliner:1 IsMainWorldOnly:1 FolderPath:Misc FolderGuid:46F98A94403D4F1D890573B2FD4B2311
 |   |   |- Guid:708224D84DD019AB60B23D8AC8E7C165 BaseClass: NativeClass:/Script/Engine.StaticMeshActor Name:StaticMeshActor_UAID_9C6B0059DB81890B02_2035620234 Label:Cube2 SpatiallyLoaded:1 Bounds:IsValid=true, Min=(X=50.000 Y=-50.000 Z=-50.000), Max=(X=150.000 Y=50.000 Z=50.000) RuntimeGrid:None EditorOnly:0 RuntimeOnly:0 HLODRelevant:1 ListedInSceneOutliner:1 IsMainWorldOnly:0 FolderPath:Cubes FolderGuid:1FABD2E442BE96E3869E3EB2E1DD3987
 |   |   |- Guid:A9145CFC4EDEACFA10B4DAA83CB591B7 BaseClass: NativeClass:/Script/Engine.SpotLight Name:SpotLight_UAID_9C6B0059DB81ED0902_1703096711 Label:SpotLight SpatiallyLoaded:1 Bounds:IsValid=true, Min=(X=-566.229 Y=-566.229 Z=-762.458), Max=(X=566.229 Y=566.229 Z=370.000) RuntimeGrid:None EditorOnly:0 RuntimeOnly:0 HLODRelevant:0 ListedInSceneOutliner:1 IsMainWorldOnly:0 FolderPath:SpotLights FolderGuid:4FEA2D974C976C77EBC3DD95519A09EF
 |   |   |- Guid:AE7567EB4EEF5AEEF5BEB89A7F29264B BaseClass: NativeClass:/Script/Engine.StaticMeshActor Name:StaticMeshActor_UAID_9C6B0059DB81890B02_2046400236 Label:Cube4 SpatiallyLoaded:1 Bounds:IsValid=true, Min=(X=50.000 Y=40.000 Z=-50.000), Max=(X=150.000 Y=140.000 Z=50.000) RuntimeGrid:None EditorOnly:0 RuntimeOnly:0 HLODRelevant:1 ListedInSceneOutliner:1 IsMainWorldOnly:0 FolderPath:Cubes FolderGuid:1FABD2E442BE96E3869E3EB2E1DD3987
 |   |   |- Guid:BED1C9DD48E291D83836B1AF6D6176EF BaseClass:/Game/FirstPerson/Blueprints/TeleportZone.TeleportZone_C NativeClass:/Script/Engine.Actor Name:TeleportZone_C_UAID_9C6B0059DB81870B02_2112258881 Label:TeleportZone SpatiallyLoaded:1 Bounds:IsValid=true, Min=(X=0.000 Y=0.000 Z=-32.000), Max=(X=0.000 Y=0.000 Z=32.000) RuntimeGrid:None EditorOnly:0 RuntimeOnly:0 HLODRelevant:0 ListedInSceneOutliner:1 IsMainWorldOnly:0
 |   |   |- Guid:D9A745F3428DDF89F35744BDD7213FF7 BaseClass: NativeClass:/Script/Engine.StaticMeshActor Name:StaticMeshActor_UAID_9C6B0059DB81890B02_2068895242 Label:Cube10 SpatiallyLoaded:1 Bounds:IsValid=true, Min=(X=-140.000 Y=-150.000 Z=-50.000), Max=(X=-40.000 Y=-50.000 Z=50.000) RuntimeGrid:None EditorOnly:0 RuntimeOnly:0 HLODRelevant:1 ListedInSceneOutliner:1 IsMainWorldOnly:0 FolderPath:Cubes FolderGuid:1FABD2E442BE96E3869E3EB2E1DD3987
 |   |   |- Guid:E45064D1472BF3ADEC68EC9C3E3B8C4F BaseClass: NativeClass:/Script/Engine.StaticMeshActor Name:StaticMeshActor_UAID_9C6B0059DB81890B02_2051614237 Label:Cube5 SpatiallyLoaded:1 Bounds:IsValid=true, Min=(X=-50.000 Y=-50.000 Z=-50.000), Max=(X=50.000 Y=50.000 Z=50.000) RuntimeGrid:None EditorOnly:0 RuntimeOnly:0 HLODRelevant:1 ListedInSceneOutliner:1 IsMainWorldOnly:0 FolderPath:Cubes FolderGuid:1FABD2E442BE96E3869E3EB2E1DD3987
 |   |   |- Guid:F5B870DC4A6E65837AAC4A9A3186482B BaseClass: NativeClass:/Script/Engine.StaticMeshActor Name:StaticMeshActor_UAID_9C6B0059DB81890B02_2041345235 Label:Cube3 SpatiallyLoaded:1 Bounds:IsValid=true, Min=(X=-50.000 Y=40.000 Z=-50.000), Max=(X=50.000 Y=140.000 Z=50.000) RuntimeGrid:None EditorOnly:0 RuntimeOnly:0 HLODRelevant:1 ListedInSceneOutliner:1 IsMainWorldOnly:0 FolderPath:Cubes FolderGuid:1FABD2E442BE96E3869E3EB2E1DD3987
 |   |- [+] Clusters:
 |   |   |- [+] [  0]
 |   |   |   |- Guid:2A7D95A34850DA01C3127CA807ECD81B BaseClass: NativeClass:/Script/Engine.StaticMeshActor Name:StaticMeshActor_UAID_9C6B0059DB81890B02_2063579239 Label:Cube7 SpatiallyLoaded:1 Bounds:IsValid=true, Min=(X=-50.000 Y=-150.000 Z=-50.000), Max=(X=50.000 Y=-50.000 Z=50.000) RuntimeGrid:None EditorOnly:0 RuntimeOnly:0 HLODRelevant:1 ListedInSceneOutliner:1 IsMainWorldOnly:0 FolderPath:Cubes FolderGuid:1FABD2E442BE96E3869E3EB2E1DD3987
 |   |   |- [+] [  1]
 |   |   |   |- Guid:2C38205F46E225F6675164B7231F7AC3 BaseClass: NativeClass:/Script/Engine.StaticMeshActor Name:StaticMeshActor_UAID_9C6B0059DB81890B02_2068894241 Label:Cube9 SpatiallyLoaded:1 Bounds:IsValid=true, Min=(X=-140.000 Y=-50.000 Z=-50.000), Max=(X=-40.000 Y=50.000 Z=50.000) RuntimeGrid:None EditorOnly:0 RuntimeOnly:0 HLODRelevant:1 ListedInSceneOutliner:1 IsMainWorldOnly:0 FolderPath:Cubes FolderGuid:1FABD2E442BE96E3869E3EB2E1DD3987
 |   |   |- [+] [  2]
 |   |   |   |- Guid:2FFC530D4C82F39CFD4829818112313F BaseClass: NativeClass:/Script/Engine.StaticMeshActor Name:StaticMeshActor_UAID_9C6B0059DB81890B02_2059427238 Label:Cube6 SpatiallyLoaded:1 Bounds:IsValid=true, Min=(X=50.000 Y=-150.000 Z=-50.000), Max=(X=150.000 Y=-50.000 Z=50.000) RuntimeGrid:None EditorOnly:0 RuntimeOnly:0 HLODRelevant:1 ListedInSceneOutliner:1 IsMainWorldOnly:0 FolderPath:Cubes FolderGuid:1FABD2E442BE96E3869E3EB2E1DD3987
 |   |   |- [+] [  3]
 |   |   |   |- Guid:5C5C860041854C2B1301828691F2BE29 BaseClass: NativeClass:/Script/Engine.StaticMeshActor Name:StaticMeshActor_UAID_9C6B0059DB81890B02_2068892240 Label:Cube8 SpatiallyLoaded:1 Bounds:IsValid=true, Min=(X=-140.000 Y=40.000 Z=-50.000), Max=(X=-40.000 Y=140.000 Z=50.000) RuntimeGrid:None EditorOnly:0 RuntimeOnly:0 HLODRelevant:1 ListedInSceneOutliner:1 IsMainWorldOnly:0 FolderPath:Cubes FolderGuid:1FABD2E442BE96E3869E3EB2E1DD3987
 |   |   |- [+] [  4]
 |   |   |   |- Guid:61A327704AD9380FD5DE6996A0CD1560 BaseClass: NativeClass:/Script/Engine.StaticMeshActor Name:StaticMeshActor_UAID_9C6B0059DB81ED0902_1726094712 Label:Cube SpatiallyLoaded:1 Bounds:IsValid=true, Min=(X=-50.000 Y=-50.000 Z=-50.000), Max=(X=50.000 Y=50.000 Z=50.000) RuntimeGrid:None EditorOnly:0 RuntimeOnly:0 HLODRelevant:1 ListedInSceneOutliner:1 IsMainWorldOnly:0 FolderPath:Cubes FolderGuid:1FABD2E442BE96E3869E3EB2E1DD3987
 |   |   |- [+] [  5]
 |   |   |   |- Guid:6ED674C14D29365AC28DBF9F657FE353 BaseClass: NativeClass:/Script/Engine.PlayerStart Name:PlayerStart_UAID_9C6B0059DB81ED0902_1776605713 Label:PlayerStart SpatiallyLoaded:0 Bounds:IsValid=true, Min=(X=-40.000 Y=-40.000 Z=58.000), Max=(X=40.000 Y=40.000 Z=242.000) RuntimeGrid:None EditorOnly:0 RuntimeOnly:0 HLODRelevant:0 ListedInSceneOutliner:1 IsMainWorldOnly:0 FolderPath:Misc FolderGuid:46F98A94403D4F1D890573B2FD4B2311
 |   |   |- [+] [  6]
 |   |   |   |- Guid:6FEFB3BD4EB37B849EF0D4AC80F83855 BaseClass: NativeClass:/Script/Engine.WorldDataLayers Name:WorldDataLayers Label:WorldDataLayers SpatiallyLoaded:0 Bounds:Invalid RuntimeGrid:None EditorOnly:0 RuntimeOnly:0 HLODRelevant:0 ListedInSceneOutliner:1 IsMainWorldOnly:1 FolderPath:Misc FolderGuid:46F98A94403D4F1D890573B2FD4B2311
 |   |   |- [+] [  7]
 |   |   |   |- Guid:708224D84DD019AB60B23D8AC8E7C165 BaseClass: NativeClass:/Script/Engine.StaticMeshActor Name:StaticMeshActor_UAID_9C6B0059DB81890B02_2035620234 Label:Cube2 SpatiallyLoaded:1 Bounds:IsValid=true, Min=(X=50.000 Y=-50.000 Z=-50.000), Max=(X=150.000 Y=50.000 Z=50.000) RuntimeGrid:None EditorOnly:0 RuntimeOnly:0 HLODRelevant:1 ListedInSceneOutliner:1 IsMainWorldOnly:0 FolderPath:Cubes FolderGuid:1FABD2E442BE96E3869E3EB2E1DD3987
 |   |   |- [+] [  8]
 |   |   |   |- Guid:A9145CFC4EDEACFA10B4DAA83CB591B7 BaseClass: NativeClass:/Script/Engine.SpotLight Name:SpotLight_UAID_9C6B0059DB81ED0902_1703096711 Label:SpotLight SpatiallyLoaded:1 Bounds:IsValid=true, Min=(X=-566.229 Y=-566.229 Z=-762.458), Max=(X=566.229 Y=566.229 Z=370.000) RuntimeGrid:None EditorOnly:0 RuntimeOnly:0 HLODRelevant:0 ListedInSceneOutliner:1 IsMainWorldOnly:0 FolderPath:SpotLights FolderGuid:4FEA2D974C976C77EBC3DD95519A09EF
 |   |   |- [+] [  9]
 |   |   |   |- Guid:AE7567EB4EEF5AEEF5BEB89A7F29264B BaseClass: NativeClass:/Script/Engine.StaticMeshActor Name:StaticMeshActor_UAID_9C6B0059DB81890B02_2046400236 Label:Cube4 SpatiallyLoaded:1 Bounds:IsValid=true, Min=(X=50.000 Y=40.000 Z=-50.000), Max=(X=150.000 Y=140.000 Z=50.000) RuntimeGrid:None EditorOnly:0 RuntimeOnly:0 HLODRelevant:1 ListedInSceneOutliner:1 IsMainWorldOnly:0 FolderPath:Cubes FolderGuid:1FABD2E442BE96E3869E3EB2E1DD3987
 |   |   |- [+] [ 10]
 |   |   |   |- Guid:BED1C9DD48E291D83836B1AF6D6176EF BaseClass:/Game/FirstPerson/Blueprints/TeleportZone.TeleportZone_C NativeClass:/Script/Engine.Actor Name:TeleportZone_C_UAID_9C6B0059DB81870B02_2112258881 Label:TeleportZone SpatiallyLoaded:1 Bounds:IsValid=true, Min=(X=0.000 Y=0.000 Z=-32.000), Max=(X=0.000 Y=0.000 Z=32.000) RuntimeGrid:None EditorOnly:0 RuntimeOnly:0 HLODRelevant:0 ListedInSceneOutliner:1 IsMainWorldOnly:0
 |   |   |- [+] [ 11]
 |   |   |   |- Guid:D9A745F3428DDF89F35744BDD7213FF7 BaseClass: NativeClass:/Script/Engine.StaticMeshActor Name:StaticMeshActor_UAID_9C6B0059DB81890B02_2068895242 Label:Cube10 SpatiallyLoaded:1 Bounds:IsValid=true, Min=(X=-140.000 Y=-150.000 Z=-50.000), Max=(X=-40.000 Y=-50.000 Z=50.000) RuntimeGrid:None EditorOnly:0 RuntimeOnly:0 HLODRelevant:1 ListedInSceneOutliner:1 IsMainWorldOnly:0 FolderPath:Cubes FolderGuid:1FABD2E442BE96E3869E3EB2E1DD3987
 |   |   |- [+] [ 12]
 |   |   |   |- Guid:E45064D1472BF3ADEC68EC9C3E3B8C4F BaseClass: NativeClass:/Script/Engine.StaticMeshActor Name:StaticMeshActor_UAID_9C6B0059DB81890B02_2051614237 Label:Cube5 SpatiallyLoaded:1 Bounds:IsValid=true, Min=(X=-50.000 Y=-50.000 Z=-50.000), Max=(X=50.000 Y=50.000 Z=50.000) RuntimeGrid:None EditorOnly:0 RuntimeOnly:0 HLODRelevant:1 ListedInSceneOutliner:1 IsMainWorldOnly:0 FolderPath:Cubes FolderGuid:1FABD2E442BE96E3869E3EB2E1DD3987
 |   |   |- [+] [ 13]
 |   |   |   |- Guid:F5B870DC4A6E65837AAC4A9A3186482B BaseClass: NativeClass:/Script/Engine.StaticMeshActor Name:StaticMeshActor_UAID_9C6B0059DB81890B02_2041345235 Label:Cube3 SpatiallyLoaded:1 Bounds:IsValid=true, Min=(X=-50.000 Y=40.000 Z=-50.000), Max=(X=50.000 Y=140.000 Z=50.000) RuntimeGrid:None EditorOnly:0 RuntimeOnly:0 HLODRelevant:1 ListedInSceneOutliner:1 IsMainWorldOnly:0 FolderPath:Cubes FolderGuid:1FABD2E442BE96E3869E3EB2E1DD3987
 |- ContainerInstances:
 |- [+] MainContainer:
 |   |-        ID: 00000000000000000000000000000000
 |   |-  ParentID: 00000000000000000000000000000000
 |   |-    Bounds: IsValid=false, Min=(X=0.000 Y=0.000 Z=0.000), Max=(X=0.000 Y=0.000 Z=0.000)
 |   |- Transform: 0.000000,0.000000,0.000000|0.000000,0.000000,-0.000000|1.000000,1.000000,1.000000
 |   |- Container: /Game/FirstPerson/Maps/FirstPersonMap
----------------------------------------------------------------------------------------------------------------
FirstPersonMap - Persistent Level
----------------------------------------------------------------------------------------------------------------
[+] Content of FirstPersonMap Persistent Level
 |- Always loaded Actor Count: 14 
 |- Actor Path: /Game/FirstPerson/Maps/FirstPersonMap.FirstPersonMap:PersistentLevel.PlayerStart_UAID_9C6B0059DB81ED0902_1776605713
 |- Actor Package: /Game/__ExternalActors__/FirstPerson/Maps/FirstPersonMap/A/93/X22Q8G1XY5GQXFW10MMPB5
 |- Actor Path: /Game/FirstPerson/Maps/FirstPersonMap.FirstPersonMap:PersistentLevel.SpotLight_UAID_9C6B0059DB81ED0902_1703096711
 |- Actor Package: /Game/__ExternalActors__/FirstPerson/Maps/FirstPersonMap/5/MU/7AZT2V1Z35PTUCHH94XSM5
 |- Actor Path: /Game/FirstPerson/Maps/FirstPersonMap.FirstPersonMap:PersistentLevel.StaticMeshActor_UAID_9C6B0059DB81890B02_2035620234
 |- Actor Package: /Game/__ExternalActors__/FirstPerson/Maps/FirstPersonMap/7/TQ/58KB6FU7T7SEF32CF6SS3I
 |- Actor Path: /Game/FirstPerson/Maps/FirstPersonMap.FirstPersonMap:PersistentLevel.StaticMeshActor_UAID_9C6B0059DB81890B02_2041345235
 |- Actor Package: /Game/__ExternalActors__/FirstPerson/Maps/FirstPersonMap/6/QU/E5UJLE857RUVVMABPIIGL0
 |- Actor Path: /Game/FirstPerson/Maps/FirstPersonMap.FirstPersonMap:PersistentLevel.StaticMeshActor_UAID_9C6B0059DB81890B02_2046400236
 |- Actor Package: /Game/__ExternalActors__/FirstPerson/Maps/FirstPersonMap/9/QN/JLCENBTYQ2G38RZPO2K9C3
 |- Actor Path: /Game/FirstPerson/Maps/FirstPersonMap.FirstPersonMap:PersistentLevel.StaticMeshActor_UAID_9C6B0059DB81890B02_2051614237
 |- Actor Package: /Game/__ExternalActors__/FirstPerson/Maps/FirstPersonMap/B/U6/LVKSFC3IO37HKN35KBTQEZ
 |- Actor Path: /Game/FirstPerson/Maps/FirstPersonMap.FirstPersonMap:PersistentLevel.StaticMeshActor_UAID_9C6B0059DB81890B02_2059427238
 |- Actor Package: /Game/__ExternalActors__/FirstPerson/Maps/FirstPersonMap/C/G2/7I1XDQKADXUOBIFAZQUCG6
 |- Actor Path: /Game/FirstPerson/Maps/FirstPersonMap.FirstPersonMap:PersistentLevel.StaticMeshActor_UAID_9C6B0059DB81890B02_2063579239
 |- Actor Package: /Game/__ExternalActors__/FirstPerson/Maps/FirstPersonMap/3/PR/E78PHYLJWATVPG9U76SCDW
 |- Actor Path: /Game/FirstPerson/Maps/FirstPersonMap.FirstPersonMap:PersistentLevel.StaticMeshActor_UAID_9C6B0059DB81890B02_2068892240
 |- Actor Package: /Game/__ExternalActors__/FirstPerson/Maps/FirstPersonMap/5/IT/RAXJ25TKPC4EWOAY288KJL
 |- Actor Path: /Game/FirstPerson/Maps/FirstPersonMap.FirstPersonMap:PersistentLevel.StaticMeshActor_UAID_9C6B0059DB81890B02_2068894241
 |- Actor Package: /Game/__ExternalActors__/FirstPerson/Maps/FirstPersonMap/D/TU/24NOLJBDE3LXVRBDZAMG50
 |- Actor Path: /Game/FirstPerson/Maps/FirstPersonMap.FirstPersonMap:PersistentLevel.StaticMeshActor_UAID_9C6B0059DB81890B02_2068895242
 |- Actor Package: /Game/__ExternalActors__/FirstPerson/Maps/FirstPersonMap/0/LU/2X602UVG0BEVX72X92A54D
 |- Actor Path: /Game/FirstPerson/Maps/FirstPersonMap.FirstPersonMap:PersistentLevel.StaticMeshActor_UAID_9C6B0059DB81ED0902_1726094712
 |- Actor Package: /Game/__ExternalActors__/FirstPerson/Maps/FirstPersonMap/E/4N/2ZZAARRP9A0U82ZZMOQC5F
 |- Actor Path: /Game/FirstPerson/Maps/FirstPersonMap.FirstPersonMap:PersistentLevel.TeleportZone_C_UAID_9C6B0059DB81870B02_2112258881
 |- Actor Package: /Game/__ExternalActors__/FirstPerson/Maps/FirstPersonMap/7/VF/CESJ3RS15ZKW4GZLK176L0
 |- Actor Path: /Game/FirstPerson/Maps/FirstPersonMap.FirstPersonMap:PersistentLevel.WorldDataLayers
 |- Actor Package: /Game/__ExternalActors__/FirstPerson/Maps/FirstPersonMap/D/0W/E1FKEGVKGOLM7HGLQPCIPO

----------------------------------------------------------------------------------------------------------------
FirstPersonMap - Runtime Hash Set
----------------------------------------------------------------------------------------------------------------

